2025-09-28T05:34:43.180Z | GET /api-docs
2025-09-28T05:34:43.220Z | GET /api-docs/
2025-09-28T05:34:43.338Z | GET /api-docs/swagger-ui.css
2025-09-28T05:34:43.354Z | GET /api-docs/swagger-ui-bundle.js
2025-09-28T05:34:43.398Z | GET /api-docs/swagger-ui-standalone-preset.js
2025-09-28T05:34:43.404Z | GET /api-docs/swagger-ui-init.js
2025-09-28T05:34:44.195Z | GET /api-docs/favicon-32x32.png
2025-09-28T05:40:25.436Z | GET /api-docs/
2025-09-28T05:40:25.518Z | GET /api-docs/swagger-ui.css
2025-09-28T05:40:25.559Z | GET /api-docs/swagger-ui-bundle.js
2025-09-28T05:40:25.567Z | GET /api-docs/swagger-ui-standalone-preset.js
2025-09-28T05:40:25.571Z | GET /api-docs/swagger-ui-init.js
2025-09-28T05:40:26.312Z | GET /api-docs/favicon-32x32.png
2025-09-28T05:47:46.302Z | GET /courses
2025-09-28T06:22:16.706Z | GET /api-docs/
2025-09-28T06:22:16.800Z | GET /api-docs/swagger-ui.css
2025-09-28T06:22:16.804Z | GET /api-docs/swagger-ui-bundle.js
2025-09-28T06:22:16.817Z | GET /api-docs/swagger-ui-standalone-preset.js
2025-09-28T06:22:16.824Z | GET /api-docs/swagger-ui-init.js
2025-09-28T06:22:17.428Z | GET /api-docs/favicon-32x32.png
2025-09-28T06:22:36.473Z | GET /api-docs/
2025-09-28T06:22:36.581Z | GET /api-docs/swagger-ui.css
2025-09-28T06:22:36.597Z | GET /api-docs/swagger-ui-bundle.js
2025-09-28T06:22:36.621Z | GET /api-docs/swagger-ui-standalone-preset.js
2025-09-28T06:22:36.626Z | GET /api-docs/swagger-ui-init.js
2025-09-28T06:22:36.975Z | GET /api-docs/favicon-32x32.png
2025-09-28T06:34:39.966Z | GET /api-docs/
2025-09-28T06:34:40.042Z | GET /api-docs/swagger-ui.css
2025-09-28T06:34:40.052Z | GET /api-docs/swagger-ui-bundle.js
2025-09-28T06:34:40.062Z | GET /api-docs/swagger-ui-standalone-preset.js
2025-09-28T06:34:40.067Z | GET /api-docs/swagger-ui-init.js
2025-09-28T06:34:40.447Z | GET /api-docs/favicon-32x32.png
2025-09-28T06:40:44.755Z | GET /api-docs/
2025-09-28T06:40:44.959Z | GET /api-docs/swagger-ui.css
2025-09-28T06:40:44.969Z | GET /api-docs/swagger-ui-bundle.js
2025-09-28T06:40:44.985Z | GET /api-docs/swagger-ui-standalone-preset.js
2025-09-28T06:40:44.989Z | GET /api-docs/swagger-ui-init.js
2025-09-28T06:40:45.324Z | GET /api-docs/favicon-32x32.png
2025-09-28T07:20:07.422Z | GET /courses
2025-09-28T07:20:39.720Z | POST /courses/2/enroll
2025-09-28T07:21:07.144Z | POST /courses/2/enroll
2025-09-28T07:21:35.530Z | POST /courses/2/enroll
2025-09-28T07:21:41.731Z | GET /api-docs/
2025-09-28T07:21:41.893Z | GET /api-docs/swagger-ui.css
2025-09-28T07:21:41.902Z | GET /api-docs/swagger-ui-bundle.js
2025-09-28T07:21:41.912Z | GET /api-docs/swagger-ui-standalone-preset.js
2025-09-28T07:21:41.915Z | GET /api-docs/swagger-ui-init.js
2025-09-28T07:21:42.366Z | GET /api-docs/favicon-32x32.png
2025-09-28T07:21:48.895Z | POST /courses/2/enroll
2025-09-29T08:21:31.795Z | GET /api-docs/
2025-09-29T08:21:31.989Z | GET /api-docs/swagger-ui.css
2025-09-29T08:21:32.009Z | GET /api-docs/swagger-ui-bundle.js
2025-09-29T08:21:32.021Z | GET /api-docs/swagger-ui-standalone-preset.js
2025-09-29T08:21:32.024Z | GET /api-docs/swagger-ui-init.js
2025-09-29T08:24:26.972Z | GET /courses/analytics
2025-09-29T08:25:12.931Z | POST /courses/2/enroll
2025-09-29T08:35:06.146Z | POST /courses
2025-09-29T08:35:47.063Z | POST /courses
2025-09-29T08:36:00.404Z | GET /api-docs/
2025-09-29T08:36:00.652Z | GET /api-docs/swagger-ui.css
2025-09-29T08:36:00.659Z | GET /api-docs/swagger-ui-bundle.js
2025-09-29T08:36:00.670Z | GET /api-docs/swagger-ui-standalone-preset.js
2025-09-29T08:36:00.674Z | GET /api-docs/swagger-ui-init.js
2025-09-29T08:36:01.198Z | GET /api-docs/favicon-32x32.png
2025-09-29T08:36:07.023Z | POST /courses
2025-09-29T08:36:27.219Z | POST /courses
2025-09-29T08:36:44.621Z | GET /courses
2025-09-29T08:37:06.365Z | GET /courses/recommendations
2025-09-29T08:40:37.848Z | POST /courses
2025-09-29T08:40:56.414Z | POST /courses
2025-09-29T08:41:07.443Z | GET /courses/analytics
2025-09-29T08:41:17.833Z | GET /courses/analytics
2025-09-29T08:45:54.239Z | GET /courses/analytics
2025-09-29T08:46:10.284Z | GET /api-docs/
2025-09-29T08:46:10.444Z | GET /api-docs/swagger-ui.css
2025-09-29T08:46:10.455Z | GET /api-docs/swagger-ui-bundle.js
2025-09-29T08:46:10.469Z | GET /api-docs/swagger-ui-init.js
2025-09-29T08:46:10.485Z | GET /api-docs/swagger-ui-standalone-preset.js
2025-09-29T08:46:10.994Z | GET /api-docs/favicon-32x32.png
2025-09-29T08:46:16.618Z | GET /courses/analytics
2025-09-29T08:46:30.580Z | GET /courses/analytics
2025-09-29T08:50:20.667Z | GET /api-docs/
2025-09-29T08:50:20.783Z | GET /api-docs/swagger-ui.css
2025-09-29T08:50:20.811Z | GET /api-docs/swagger-ui-bundle.js
2025-09-29T08:50:20.819Z | GET /api-docs/swagger-ui-standalone-preset.js
2025-09-29T08:50:20.826Z | GET /api-docs/swagger-ui-init.js
2025-09-29T08:50:21.325Z | GET /api-docs/favicon-32x32.png
2025-09-29T09:07:58.090Z | GET /courses
2025-09-29T09:08:44.268Z | GET /courses/analytics
2025-09-29T09:09:11.203Z | GET /courses/recommendations-async
2025-09-29T09:55:28.447Z | POST /courses/5/enroll
2025-09-29T09:55:42.113Z | POST /courses/2/enroll
2025-09-30T04:58:03.181Z | GET /api-docs/
2025-09-30T04:58:03.357Z | GET /api-docs/swagger-ui.css
2025-09-30T04:58:03.366Z | GET /api-docs/swagger-ui-bundle.js
2025-09-30T04:58:03.375Z | GET /api-docs/swagger-ui-standalone-preset.js
2025-09-30T04:58:03.385Z | GET /api-docs/swagger-ui-init.js
2025-09-30T05:04:48.846Z | GET /courses
[ERROR] 2025-09-30T05:04:48.852Z | Course.getAll is not a function
2025-09-30T14:52:56.142Z | GET /
2025-10-05T11:43:28.191Z | GET /courses
2025-10-05T11:43:36.016Z | GET /courses
2025-10-05T11:43:42.858Z | GET /courses
2025-10-05T11:43:58.881Z | GET /courses
2025-10-05T11:45:45.531Z | GET /courses
2025-10-05T11:45:54.308Z | GET /courses
2025-10-05T11:46:01.636Z | GET /courses
2025-10-05T11:46:04.308Z | GET /courses
2025-10-05T11:46:28.651Z | GET /courses
2025-10-05T11:46:41.158Z | GET /courses
2025-10-05T11:46:52.564Z | GET /courses
2025-10-05T11:47:01.887Z | GET /courses
2025-10-05T11:48:30.185Z | GET /courses
2025-10-05T11:48:38.136Z | GET /courses
2025-10-05T11:48:39.934Z | GET /courses
2025-10-05T11:48:43.103Z | POST /courses/1/enroll
2025-10-05T11:48:45.776Z | POST /courses/1/enroll
2025-10-05T11:49:03.540Z | GET /courses
2025-10-05T11:49:05.214Z | POST /courses/2/enroll
2025-10-05T11:49:10.729Z | POST /courses/3/enroll
2025-10-05T11:50:06.981Z | GET /courses
2025-10-05T11:50:09.325Z | GET /courses
2025-10-05T11:50:10.999Z | POST /courses/1/enroll
2025-10-05T11:51:24.348Z | GET /courses
2025-10-05T11:51:26.511Z | GET /courses
2025-10-05T11:51:27.790Z | POST /courses/1/enroll
2025-10-05T11:51:46.855Z | GET /courses
2025-10-05T11:51:48.366Z | POST /courses/1/enroll
2025-10-05T11:51:54.136Z | POST /courses/2/enroll
2025-10-05T11:54:45.250Z | GET /courses
2025-10-05T11:55:02.154Z | GET /courses
2025-10-05T11:56:01.826Z | GET /courses
2025-10-05T11:56:38.284Z | GET /courses
2025-10-05T11:56:40.430Z | GET /courses/enrolled/4
2025-10-05T11:56:41.418Z | GET /courses
2025-10-05T11:56:43.169Z | GET /courses/enrolled/4
2025-10-05T11:56:44.219Z | GET /courses/enrolled/4
2025-10-05T11:56:46.247Z | GET /courses/enrolled/4
2025-10-05T11:56:50.268Z | GET /courses/enrolled/4
2025-10-05T11:57:06.516Z | GET /courses
2025-10-05T11:57:08.388Z | GET /courses/enrolled/4
2025-10-05T11:57:09.462Z | GET /courses/enrolled/4
2025-10-05T11:57:11.493Z | GET /courses/enrolled/4
2025-10-05T11:58:25.654Z | GET /courses/enrolled/4
2025-10-05T11:58:27.246Z | GET /courses
2025-10-05T11:58:28.168Z | GET /courses/enrolled/4
2025-10-05T11:58:29.221Z | GET /courses/enrolled/4
2025-10-05T11:58:31.277Z | GET /courses/enrolled/4
2025-10-05T11:58:37.600Z | GET /courses/enrolled/4
2025-10-05T11:58:40.970Z | GET /courses/enrolled/4
2025-10-05T11:58:42.257Z | GET /courses/enrolled/4
2025-10-05T11:58:44.328Z | GET /courses/enrolled/4
2025-10-05T11:58:48.387Z | GET /courses/enrolled/4
2025-10-05T11:58:50.704Z | GET /courses
2025-10-05T11:58:58.348Z | GET /courses
2025-10-05T11:59:04.531Z | GET /courses/enrolled/4
2025-10-05T11:59:05.583Z | GET /courses/enrolled/4
2025-10-05T11:59:07.632Z | GET /courses/enrolled/4
2025-10-05T12:01:03.665Z | GET /courses/enrolled/4
2025-10-05T12:01:05.822Z | GET /courses/enrolled/4
2025-10-05T12:01:07.050Z | GET /courses/enrolled/4
2025-10-05T12:01:09.093Z | GET /courses/enrolled/4
2025-10-05T12:01:09.550Z | GET /courses
2025-10-05T12:01:11.877Z | POST /courses/1/enroll
2025-10-05T12:01:30.947Z | GET /courses
2025-10-05T12:01:32.208Z | GET /courses/enrolled/4
2025-10-05T12:10:09.697Z | GET /courses/enrolled/4
2025-10-05T12:10:11.165Z | GET /courses/enrolled/4
2025-10-05T12:10:16.578Z | GET /courses
2025-10-05T12:11:50.713Z | GET /courses
2025-10-05T12:11:53.960Z | GET /courses/enrolled/4
2025-10-05T12:11:55.114Z | GET /courses
2025-10-05T12:11:56.395Z | POST /courses/3/enroll
2025-10-05T12:11:59.504Z | GET /courses/enrolled/4
2025-10-05T12:13:37.294Z | GET /courses/enrolled/4
2025-10-05T12:13:40.376Z | GET /courses/enrolled/4
2025-10-05T12:20:17.152Z | GET /courses
2025-10-05T12:21:24.123Z | GET /courses
2025-10-05T12:21:31.713Z | POST /courses/2/enroll
2025-10-05T12:21:53.307Z | GET /courses
2025-10-05T12:22:22.154Z | GET /courses
2025-10-05T12:22:22.398Z | GET /courses
2025-10-05T12:22:22.405Z | GET /courses/enrolled/4
2025-10-05T12:22:36.182Z | POST /courses/4/enroll
2025-10-05T12:22:45.954Z | POST /courses/4/enroll
2025-10-05T12:22:58.330Z | GET /courses
2025-10-05T12:22:58.344Z | GET /courses/enrolled/4
2025-10-05T12:23:02.054Z | POST /courses/5/enroll
2025-10-05T12:23:08.030Z | POST /courses/5/enroll
2025-10-05T12:23:26.360Z | GET /courses
2025-10-05T12:23:26.393Z | GET /courses/enrolled/4
2025-10-05T12:23:44.882Z | GET /courses
2025-10-05T12:23:44.900Z | GET /courses/enrolled/4
2025-10-05T12:24:22.384Z | GET /courses
2025-10-05T12:24:26.693Z | POST /courses/2/enroll
2025-10-05T12:24:29.726Z | GET /courses/enrolled/4
2025-10-05T12:24:38.509Z | GET /courses
2025-10-05T12:24:56.910Z | GET /courses
2025-10-05T12:24:58.496Z | GET /courses
2025-10-05T12:27:11.612Z | GET /courses
2025-10-05T12:27:47.692Z | GET /courses/enrolled/4
2025-10-05T12:27:52.254Z | GET /courses
2025-10-05T13:01:37.054Z | POST /courses
2025-10-05T13:02:05.829Z | GET /courses
2025-10-05T13:02:38.713Z | GET /courses
2025-10-05T13:02:57.907Z | GET /courses
2025-10-05T13:02:59.058Z | GET /courses/enrolled/4
2025-10-05T13:03:26.290Z | GET /courses/enrolled/4
2025-10-05T13:03:28.760Z | GET /courses/enrolled/4
2025-10-05T13:03:29.885Z | GET /courses
2025-10-05T13:04:55.503Z | GET /courses
2025-10-05T13:07:05.520Z | POST /courses
2025-10-05T13:07:29.602Z | GET /courses
2025-10-05T13:07:37.118Z | GET /courses/enrolled/4
2025-10-05T13:11:01.180Z | GET /courses/enrolled/4
2025-10-05T13:11:02.322Z | GET /courses
2025-10-05T13:11:08.267Z | GET /courses/enrolled/4
2025-10-05T13:11:10.947Z | GET /courses
2025-10-05T13:11:27.345Z | GET /courses/enrolled/4
2025-10-05T13:11:29.898Z | GET /courses
2025-10-05T13:12:04.734Z | GET /courses
2025-10-05T13:12:06.635Z | POST /courses/1/enroll
2025-10-05T13:12:29.603Z | GET /courses
2025-10-05T13:12:34.685Z | GET /courses
2025-10-05T13:12:48.575Z | GET /courses
2025-10-05T13:14:41.530Z | POST /courses
2025-10-05T13:15:05.460Z | GET /courses
2025-10-05T13:15:13.015Z | GET /courses/enrolled/4
2025-10-05T13:15:19.648Z | GET /courses/enrolled/4
2025-10-05T13:15:31.093Z | GET /courses/enrolled/4
2025-10-05T13:15:58.449Z | GET /courses/enrolled/4
2025-10-05T13:16:03.103Z | GET /courses/enrolled/4
2025-10-05T13:17:24.166Z | GET /courses/enrolled/4
2025-10-05T13:17:26.584Z | GET /courses/enrolled/4
2025-10-05T13:17:33.441Z | GET /courses/enrolled/4
2025-10-05T13:17:36.006Z | GET /courses
2025-10-05T13:17:49.146Z | GET /courses
2025-10-05T13:17:51.906Z | GET /courses
2025-10-05T13:36:59.434Z | GET /users
2025-10-05T13:37:27.406Z | GET /users
2025-10-05T13:37:29.517Z | GET /users
2025-10-05T13:37:33.548Z | GET /users
2025-10-05T13:37:34.990Z | GET /users
2025-10-05T13:37:36.060Z | GET /users
2025-10-05T13:37:38.102Z | GET /users
2025-10-05T13:37:42.164Z | GET /users
2025-10-05T13:37:51.967Z | GET /courses
2025-10-05T13:37:54.567Z | GET /users
2025-10-05T13:37:55.643Z | GET /users
2025-10-05T13:37:57.899Z | GET /users
2025-10-05T13:37:58.945Z | GET /users
2025-10-05T13:38:00.967Z | GET /users
2025-10-05T13:38:04.989Z | GET /users
2025-10-05T13:38:39.758Z | GET /users
2025-10-05T13:38:40.796Z | GET /users
2025-10-05T13:38:42.833Z | GET /users
2025-10-05T13:38:46.882Z | GET /users
2025-10-05T14:46:22.158Z | GET /courses
2025-10-05T14:46:33.856Z | GET /courses
2025-10-05T14:46:56.388Z | GET /courses
2025-10-05T14:47:11.461Z | GET /courses
2025-10-05T14:47:27.326Z | GET /courses
2025-10-05T14:47:52.412Z | GET /courses
2025-10-05T14:48:12.865Z | GET /courses
2025-10-05T14:48:23.039Z | GET /courses
2025-10-05T14:48:42.897Z | GET /courses
2025-10-05T14:48:50.030Z | GET /courses
2025-10-05T14:49:22.581Z | GET /courses
2025-10-05T14:49:23.572Z | GET /courses
2025-10-05T14:49:55.185Z | GET /courses
2025-10-05T14:50:14.497Z | GET /courses
2025-10-05T14:53:00.430Z | GET /courses
2025-10-05T14:53:21.664Z | GET /courses/enrolled/4
2025-10-05T14:56:12.542Z | GET /courses/enrolled/4
2025-10-05T14:59:50.131Z | GET /courses/enrolled/4
2025-10-05T15:22:56.548Z | GET /courses
2025-10-05T15:22:58.418Z | GET /courses
2025-10-05T15:24:04.353Z | GET /courses
2025-10-05T15:24:05.829Z | GET /courses
2025-10-05T15:24:09.677Z | GET /courses
2025-10-05T15:24:31.077Z | GET /courses/enrolled/4
2025-10-05T15:25:33.493Z | GET /courses/enrolled/4
2025-10-05T15:25:38.836Z | GET /courses
2025-10-05T15:29:10.242Z | GET /courses
2025-10-05T15:29:14.817Z | GET /courses
2025-10-05T15:29:35.241Z | GET /courses
2025-10-05T15:29:38.075Z | GET /courses
2025-10-05T15:31:45.169Z | GET /courses
2025-10-05T15:31:50.595Z | GET /courses
2025-10-05T15:32:47.409Z | GET /courses
2025-10-05T15:32:53.505Z | GET /courses/enrolled/4
2025-10-05T15:34:01.346Z | GET /courses/enrolled/4
2025-10-05T15:34:07.558Z | GET /courses
2025-10-05T15:34:16.912Z | GET /courses/enrolled/4
2025-10-05T15:34:22.349Z | GET /courses
2025-10-05T15:34:29.280Z | GET /courses
2025-10-05T15:35:54.058Z | GET /courses
2025-10-05T15:35:57.483Z | GET /courses/enrolled/4
2025-10-05T15:36:01.379Z | GET /courses
2025-10-05T15:38:20.279Z | GET /courses
2025-10-05T15:39:14.194Z | GET /courses
2025-10-05T15:39:16.231Z | GET /courses
2025-10-05T15:39:26.649Z | GET /courses/enrolled/4
2025-10-05T15:39:27.705Z | GET /courses/enrolled/4
2025-10-05T15:39:29.746Z | GET /courses/enrolled/4
2025-10-05T15:39:33.835Z | GET /courses/enrolled/4
2025-10-05T15:39:39.350Z | GET /courses
2025-10-05T15:39:40.511Z | GET /courses/enrolled/4
2025-10-05T15:39:41.569Z | GET /courses/enrolled/4
2025-10-05T15:39:43.197Z | GET /courses/enrolled/4
2025-10-05T15:39:44.292Z | GET /courses/enrolled/4
2025-10-05T15:39:44.397Z | GET /courses
2025-10-05T15:39:46.756Z | POST /courses/2/enroll
2025-10-05T15:39:48.647Z | POST /courses/2/enroll
2025-10-05T15:40:10.996Z | GET /courses
2025-10-05T15:40:15.191Z | GET /courses/enrolled/4
2025-10-05T15:40:17.163Z | GET /courses
2025-10-05T15:42:02.218Z | GET /courses
2025-10-05T15:42:04.411Z | GET /courses
2025-10-05T15:42:08.545Z | GET /courses/enrolled/4
2025-10-05T15:42:10.191Z | GET /courses
2025-10-05T15:42:29.868Z | GET /courses/enrolled/4
2025-10-05T15:42:33.704Z | GET /courses
2025-10-05T15:42:47.129Z | GET /courses
2025-10-05T15:42:49.304Z | GET /courses
2025-10-05T15:42:54.140Z | GET /courses
2025-10-05T15:42:58.224Z | GET /courses
2025-10-05T15:43:25.164Z | GET /courses/enrolled/4
2025-10-05T15:43:48.231Z | GET /courses
2025-10-05T15:43:49.190Z | GET /courses
2025-10-05T15:43:57.840Z | GET /courses/enrolled/4
2025-10-05T15:43:58.846Z | GET /courses
2025-10-05T15:43:59.848Z | GET /courses/enrolled/4
2025-10-05T15:44:07.315Z | GET /courses/enrolled/4
2025-10-05T15:44:14.514Z | GET /courses
2025-10-05T15:44:43.711Z | GET /courses
2025-10-05T15:44:46.646Z | GET /courses
2025-10-05T15:44:52.666Z | GET /courses
2025-10-05T15:44:55.489Z | GET /courses
2025-10-05T15:44:56.917Z | GET /courses/enrolled/4
2025-10-05T15:44:57.918Z | GET /courses
2025-10-05T15:45:02.473Z | GET /courses
2025-10-05T15:46:29.045Z | GET /courses
2025-10-05T15:46:42.460Z | GET /courses/enrolled/4
2025-10-05T15:46:43.450Z | GET /courses
2025-10-05T15:47:36.137Z | GET /courses
2025-10-05T15:47:45.001Z | GET /courses/enrolled/4
2025-10-05T15:47:50.195Z | GET /courses
2025-10-05T17:36:31.684Z | GET /users/data/analytics
2025-10-05T17:36:32.724Z | GET /users/data/analytics
2025-10-05T17:36:34.747Z | GET /users/data/analytics
2025-10-05T17:36:35.413Z | POST /users/logout
2025-10-05T17:36:44.093Z | POST /users/login
2025-10-05T17:36:52.337Z | POST /users/login
2025-10-05T17:44:22.208Z | GET /courses
2025-10-05T17:44:26.205Z | GET /courses/enrolled/4
