2025-09-28T05:33:29.181Z | GET /api-docs
2025-09-28T05:33:29.246Z | GET /api-docs/
2025-09-28T05:33:29.392Z | GET /api-docs/swagger-ui.css
2025-09-28T05:33:29.402Z | GET /api-docs/swagger-ui-bundle.js
2025-09-28T05:33:29.432Z | GET /api-docs/swagger-ui-standalone-preset.js
2025-09-28T05:33:29.437Z | GET /api-docs/swagger-ui-init.js
2025-09-28T05:33:30.254Z | GET /api-docs/favicon-32x32.png
2025-09-28T05:35:34.812Z | POST /users/login-jwt
2025-09-28T05:38:27.868Z | GET /api-docs/
2025-09-28T05:38:27.990Z | GET /api-docs/swagger-ui.css
2025-09-28T05:38:28.000Z | GET /api-docs/swagger-ui-bundle.js
2025-09-28T05:38:28.004Z | GET /api-docs/swagger-ui-standalone-preset.js
2025-09-28T05:38:28.008Z | GET /api-docs/swagger-ui-init.js
2025-09-28T05:38:28.614Z | GET /api-docs/favicon-32x32.png
2025-09-28T05:39:31.995Z | GET /api-docs/
2025-09-28T05:39:32.124Z | GET /api-docs/swagger-ui.css
2025-09-28T05:39:32.131Z | GET /api-docs/swagger-ui-bundle.js
2025-09-28T05:39:32.142Z | GET /api-docs/swagger-ui-standalone-preset.js
2025-09-28T05:39:32.147Z | GET /api-docs/swagger-ui-init.js
2025-09-28T05:39:32.520Z | GET /api-docs/favicon-32x32.png
2025-09-28T05:40:19.479Z | GET /api-docs/
2025-09-28T05:40:19.588Z | GET /api-docs/swagger-ui.css
2025-09-28T05:40:19.594Z | GET /api-docs/swagger-ui-bundle.js
2025-09-28T05:40:19.604Z | GET /api-docs/swagger-ui-standalone-preset.js
2025-09-28T05:40:19.620Z | GET /api-docs/swagger-ui-init.js
2025-09-28T05:40:20.023Z | GET /api-docs/favicon-32x32.png
2025-09-28T05:40:41.217Z | GET /api-docs/
2025-09-28T05:40:41.361Z | GET /api-docs/swagger-ui.css
2025-09-28T05:40:41.369Z | GET /api-docs/swagger-ui-bundle.js
2025-09-28T05:40:41.429Z | GET /api-docs/swagger-ui-standalone-preset.js
2025-09-28T05:40:41.475Z | GET /api-docs/swagger-ui-init.js
2025-09-28T05:40:42.192Z | GET /api-docs/favicon-32x32.png
2025-09-28T05:42:11.126Z | POST /users/signin
2025-09-28T05:43:20.570Z | POST /users/login-jwt
2025-09-28T05:44:06.352Z | POST /users/login-session
2025-09-28T05:44:47.944Z | GET /users/profile
2025-09-28T06:34:44.058Z | GET /api-docs/
2025-09-28T06:34:44.210Z | GET /api-docs/swagger-ui.css
2025-09-28T06:34:44.222Z | GET /api-docs/swagger-ui-bundle.js
2025-09-28T06:34:44.230Z | GET /api-docs/swagger-ui-init.js
2025-09-28T06:34:44.239Z | GET /api-docs/swagger-ui-standalone-preset.js
2025-09-28T06:34:44.671Z | GET /api-docs/favicon-32x32.png
2025-09-28T06:44:42.047Z | GET /api-docs/
2025-09-28T06:44:42.172Z | GET /api-docs/swagger-ui.css
2025-09-28T06:44:42.187Z | GET /api-docs/swagger-ui-bundle.js
2025-09-28T06:44:42.192Z | GET /api-docs/swagger-ui-standalone-preset.js
2025-09-28T06:44:42.198Z | GET /api-docs/swagger-ui-init.js
2025-09-28T06:44:42.787Z | GET /api-docs/favicon-32x32.png
2025-09-28T06:56:28.733Z | POST /users/login-jwt
2025-09-28T06:56:37.486Z | POST /users/login-jwt
2025-09-28T06:57:32.420Z | POST /users/login-session
2025-09-28T06:58:01.600Z | GET /users/profile
2025-09-28T06:58:28.013Z | GET /users/all-users
2025-09-28T06:59:31.739Z | GET /users/all-users
2025-09-28T06:59:42.439Z | GET /users/all-users
2025-09-28T07:16:11.096Z | POST /users/signin
2025-09-28T07:16:12.908Z | POST /users/signin
2025-09-28T07:17:49.152Z | GET /api-docs/
2025-09-28T07:17:49.315Z | GET /api-docs/swagger-ui.css
2025-09-28T07:17:49.322Z | GET /api-docs/swagger-ui-bundle.js
2025-09-28T07:17:49.334Z | GET /api-docs/swagger-ui-standalone-preset.js
2025-09-28T07:17:49.342Z | GET /api-docs/swagger-ui-init.js
2025-09-28T07:17:49.761Z | GET /api-docs/favicon-32x32.png
2025-09-28T07:18:31.236Z | POST /users/login-jwt
2025-09-28T07:19:12.841Z | GET /users/all-users
2025-09-28T07:20:07.669Z | GET /users/1
2025-09-28T07:20:07.679Z | GET /users/1
2025-09-28T07:20:07.683Z | GET /users/1
2025-09-28T07:20:07.687Z | GET /users/1
2025-09-28T07:20:07.691Z | GET /users/1
2025-09-28T07:23:29.226Z | POST /users/login-jwt
2025-09-28T07:23:56.473Z | POST /users/login-jwt
2025-09-28T07:24:11.501Z | POST /users/login-jwt
2025-09-29T08:21:26.937Z | GET /api-docs/
2025-09-29T08:21:27.152Z | GET /api-docs/swagger-ui.css
2025-09-29T08:21:27.166Z | GET /api-docs/swagger-ui-bundle.js
2025-09-29T08:21:27.181Z | GET /api-docs/swagger-ui-standalone-preset.js
2025-09-29T08:21:27.185Z | GET /api-docs/swagger-ui-init.js
2025-09-29T08:23:32.993Z | GET /users/all-users
2025-09-29T08:25:53.573Z | POST /users/signin
2025-09-29T08:26:37.315Z | POST /users/login-session
2025-09-29T08:27:59.793Z | POST /users/login-session
2025-09-29T08:29:51.549Z | GET /api-docs/
2025-09-29T08:29:51.644Z | GET /api-docs/swagger-ui.css
2025-09-29T08:29:51.662Z | GET /api-docs/swagger-ui-bundle.js
2025-09-29T08:29:51.674Z | GET /api-docs/swagger-ui-standalone-preset.js
2025-09-29T08:29:51.684Z | GET /api-docs/swagger-ui-init.js
2025-09-29T08:29:52.023Z | GET /api-docs/favicon-32x32.png
2025-09-29T08:30:17.893Z | POST /users/login-session
2025-09-29T08:33:36.729Z | GET /api-docs/
2025-09-29T08:33:36.856Z | GET /api-docs/swagger-ui.css
2025-09-29T08:33:36.871Z | GET /api-docs/swagger-ui-bundle.js
2025-09-29T08:33:36.880Z | GET /api-docs/swagger-ui-standalone-preset.js
2025-09-29T08:33:36.888Z | GET /api-docs/swagger-ui-init.js
2025-09-29T08:33:37.381Z | GET /api-docs/favicon-32x32.png
2025-09-29T08:33:45.271Z | POST /users/login-session
2025-09-29T08:33:52.290Z | GET /api-docs/
2025-09-29T08:33:52.382Z | GET /api-docs/swagger-ui.css
2025-09-29T08:33:52.395Z | GET /api-docs/swagger-ui-bundle.js
2025-09-29T08:33:52.404Z | GET /api-docs/swagger-ui-standalone-preset.js
2025-09-29T08:33:52.416Z | GET /api-docs/swagger-ui-init.js
2025-09-29T08:33:52.769Z | GET /api-docs/favicon-32x32.png
2025-09-29T08:34:28.228Z | GET /api-docs/
2025-09-29T08:34:28.364Z | GET /api-docs/swagger-ui.css
2025-09-29T08:34:28.375Z | GET /api-docs/swagger-ui-bundle.js
2025-09-29T08:34:28.397Z | GET /api-docs/swagger-ui-standalone-preset.js
2025-09-29T08:34:28.403Z | GET /api-docs/swagger-ui-init.js
2025-09-29T08:34:28.741Z | GET /api-docs/favicon-32x32.png
2025-09-29T08:34:41.753Z | POST /users/login-session
2025-09-29T08:36:44.885Z | GET /users/1
2025-09-29T08:36:44.895Z | GET /users/1
2025-09-29T08:36:44.904Z | GET /users/1
2025-09-29T08:36:44.909Z | GET /users/1
2025-09-29T08:36:44.916Z | GET /users/1
2025-09-29T08:39:14.327Z | POST /users/login-session
2025-09-29T08:39:23.700Z | POST /users/login-session
2025-09-29T08:44:48.855Z | POST /users/login-session
2025-09-29T08:44:56.947Z | POST /users/login-session
2025-09-29T08:45:05.353Z | POST /users/login-session
2025-09-29T08:50:17.258Z | GET /api-docs/
2025-09-29T08:50:17.378Z | GET /api-docs/swagger-ui.css
2025-09-29T08:50:17.391Z | GET /api-docs/swagger-ui-bundle.js
2025-09-29T08:50:17.397Z | GET /api-docs/swagger-ui-standalone-preset.js
2025-09-29T08:50:17.404Z | GET /api-docs/swagger-ui-init.js
2025-09-29T08:50:18.198Z | GET /api-docs/favicon-32x32.png
2025-09-29T09:07:21.912Z | GET /api-docs/
2025-09-29T09:07:22.046Z | GET /api-docs/swagger-ui.css
2025-09-29T09:07:22.057Z | GET /api-docs/swagger-ui-bundle.js
2025-09-29T09:07:22.072Z | GET /api-docs/swagger-ui-standalone-preset.js
2025-09-29T09:07:22.078Z | GET /api-docs/swagger-ui-init.js
2025-09-29T09:07:22.596Z | GET /api-docs/favicon-32x32.png
2025-09-29T09:07:34.122Z | POST /users/login-session
2025-09-29T09:07:58.357Z | GET /users/1
2025-09-29T09:07:58.375Z | GET /users/1
2025-09-29T09:07:58.384Z | GET /users/1
2025-09-29T09:07:58.392Z | GET /users/1
2025-09-29T09:07:58.399Z | GET /users/1
2025-09-29T09:08:25.345Z | POST /users/login-session
2025-09-29T09:08:33.708Z | POST /users/login-session
2025-09-29T09:09:31.044Z | POST /users/login-session
2025-09-29T09:09:47.611Z | POST /users/login-session
2025-09-29T09:10:00.116Z | POST /users/login-session
2025-09-29T09:50:24.948Z | POST /users/signin
2025-09-29T09:50:27.328Z | POST /users/signin
2025-09-29T09:50:46.025Z | POST /users/login-session
2025-09-29T09:51:00.172Z | POST /users/login-session
2025-09-29T09:51:19.102Z | POST /users/signin
2025-09-29T09:51:47.706Z | POST /users/login-session
2025-09-29T09:52:11.136Z | POST /users/login-jwt
2025-09-29T09:55:05.295Z | POST /users/login-session
2025-09-30T04:57:48.010Z | GET /api-docs/
2025-09-30T04:57:48.183Z | GET /api-docs/swagger-ui.css
2025-09-30T04:57:48.193Z | GET /api-docs/swagger-ui-bundle.js
2025-09-30T04:57:48.217Z | GET /api-docs/swagger-ui-standalone-preset.js
2025-09-30T04:57:48.241Z | GET /api-docs/swagger-ui-init.js
2025-09-30T05:05:15.152Z | POST /users/login-jwt
2025-10-04T17:54:36.268Z | GET /users/profile
2025-10-04T17:54:36.300Z | GET /users/profile
2025-10-04T17:56:46.683Z | GET /users/profile
2025-10-04T17:56:46.695Z | GET /users/profile
